2023-02-16T18:56:21.675Z[[31merror[39m]: INVALID_CREDENTIALS{}
2023-02-16T19:02:34.002Z[[31merror[39m]: INVALID_CREDENTIALS{}
2023-02-16T19:18:51.688Z[[31merror[39m]: INVALID_CREDENTIALS{}
2023-02-16T19:40:43.692Z[[31merror[39m]: INVALID_CREDENTIALS{}
2023-02-16T19:45:43.024Z[[31merror[39m]: INVALID_CREDENTIALS{}
2023-02-16T19:59:09.532Z[[31merror[39m]: INVALID_CREDENTIALS{}
2023-02-16T19:59:15.084Z[[31merror[39m]: INVALID_CREDENTIALS{}
2023-02-16T20:18:19.266Z[[31merror[39m]: INVALID_CREDENTIALS{}
2023-02-20T22:54:12.123Z[[31merror[39m]: E11000 duplicate key error collection: auth.users index: username_1 dup key: { username: "jessaver" }{}
2023-02-20T22:54:12.136Z[[31merror[39m]: HTTP POST /api/auth/signup{"meta":{"req":{"url":"/api/auth/signup","headers":{"content-type":"application/json","accept":"*/*","content-length":"49","user-agent":"node-fetch/1.0 (+https://github.com/bitinn/node-fetch)","accept-encoding":"gzip,deflate","connection":"close","host":"localhost:3001"},"method":"POST","httpVersion":"1.1","originalUrl":"/api/auth/signup","query":{}},"res":{"statusCode":500},"responseTime":99}}
2023-02-20T22:55:15.508Z[[31merror[39m]: E11000 duplicate key error collection: auth.users index: username_1 dup key: { username: "jessaver" }{}
2023-02-20T22:55:15.510Z[[31merror[39m]: HTTP POST /api/auth/signup{"meta":{"req":{"url":"/api/auth/signup","headers":{"content-type":"application/json","accept":"*/*","content-length":"49","user-agent":"node-fetch/1.0 (+https://github.com/bitinn/node-fetch)","accept-encoding":"gzip,deflate","connection":"close","host":"localhost:3001"},"method":"POST","httpVersion":"1.1","originalUrl":"/api/auth/signup","query":{}},"res":{"statusCode":500},"responseTime":66}}
2023-02-20T22:56:39.025Z[[31merror[39m]: E11000 duplicate key error collection: auth.users index: id_1 dup key: { id: null }{}
2023-02-20T22:56:39.027Z[[31merror[39m]: HTTP POST /api/auth/signup{"meta":{"req":{"url":"/api/auth/signup","headers":{"content-type":"application/json","accept":"*/*","content-length":"45","user-agent":"node-fetch/1.0 (+https://github.com/bitinn/node-fetch)","accept-encoding":"gzip,deflate","connection":"close","host":"localhost:3001"},"method":"POST","httpVersion":"1.1","originalUrl":"/api/auth/signup","query":{}},"res":{"statusCode":500},"responseTime":63}}
2023-02-20T22:57:15.321Z[[31merror[39m]: E11000 duplicate key error collection: auth.users index: id_1 dup key: { id: null }{}
2023-02-20T22:57:15.326Z[[31merror[39m]: HTTP POST /api/auth/signup{"meta":{"req":{"url":"/api/auth/signup","headers":{"content-type":"application/json","accept":"*/*","content-length":"45","user-agent":"node-fetch/1.0 (+https://github.com/bitinn/node-fetch)","accept-encoding":"gzip,deflate","connection":"close","host":"localhost:3001"},"method":"POST","httpVersion":"1.1","originalUrl":"/api/auth/signup","query":{}},"res":{"statusCode":500},"responseTime":109}}
2023-02-21T18:30:34.156Z[[31merror[39m]: INVALID_CREDENTIALS{}
2023-02-21T18:30:34.158Z[[31merror[39m]: HTTP POST /api/auth/login{"meta":{"req":{"url":"/api/auth/login","headers":{"content-type":"application/json","accept":"*/*","content-length":"45","user-agent":"node-fetch/1.0 (+https://github.com/bitinn/node-fetch)","accept-encoding":"gzip,deflate","connection":"close","host":"localhost:3001"},"method":"POST","httpVersion":"1.1","originalUrl":"/api/auth/login","query":{}},"res":{"statusCode":500},"responseTime":6}}
2023-02-22T18:39:14.326Z[[31merror[39m]: INVALID_CREDENTIALS{}
2023-02-22T18:39:14.328Z[[31merror[39m]: HTTP POST /api/auth/login{"meta":{"req":{"url":"/api/auth/login","headers":{"content-type":"application/json","accept":"*/*","content-length":"45","user-agent":"node-fetch/1.0 (+https://github.com/bitinn/node-fetch)","accept-encoding":"gzip,deflate","connection":"close","host":"localhost:3001"},"method":"POST","httpVersion":"1.1","originalUrl":"/api/auth/login","query":{}},"res":{"statusCode":500},"responseTime":9}}
2023-02-22T18:39:16.098Z[[31merror[39m]: INVALID_CREDENTIALS{}
2023-02-22T18:39:16.100Z[[31merror[39m]: HTTP POST /api/auth/login{"meta":{"req":{"url":"/api/auth/login","headers":{"content-type":"application/json","accept":"*/*","content-length":"45","user-agent":"node-fetch/1.0 (+https://github.com/bitinn/node-fetch)","accept-encoding":"gzip,deflate","connection":"close","host":"localhost:3001"},"method":"POST","httpVersion":"1.1","originalUrl":"/api/auth/login","query":{}},"res":{"statusCode":500},"responseTime":3}}
2023-02-22T18:39:25.860Z[[31merror[39m]: INVALID_CREDENTIALS{}
2023-02-22T18:39:25.862Z[[31merror[39m]: HTTP POST /api/auth/login{"meta":{"req":{"url":"/api/auth/login","headers":{"content-type":"application/json","accept":"*/*","content-length":"45","user-agent":"node-fetch/1.0 (+https://github.com/bitinn/node-fetch)","accept-encoding":"gzip,deflate","connection":"close","host":"localhost:3001"},"method":"POST","httpVersion":"1.1","originalUrl":"/api/auth/login","query":{}},"res":{"statusCode":500},"responseTime":4}}
2023-03-02T19:09:49.601Z[[31merror[39m]: INVALID_CREDENTIALS{}
2023-03-02T19:09:49.603Z[[31merror[39m]: HTTP POST /api/auth/login{"meta":{"req":{"url":"/api/auth/login","headers":{"content-type":"application/json","accept":"*/*","content-length":"45","user-agent":"node-fetch/1.0 (+https://github.com/bitinn/node-fetch)","accept-encoding":"gzip,deflate","connection":"close","host":"localhost:3001"},"method":"POST","httpVersion":"1.1","originalUrl":"/api/auth/login","query":{}},"res":{"statusCode":500},"responseTime":4}}
2023-03-03T00:36:16.749Z[[31merror[39m]: INVALID_CREDENTIALS{}
2023-03-03T00:36:16.753Z[[31merror[39m]: HTTP POST /api/auth/login{"meta":{"req":{"url":"/api/auth/login","headers":{"content-type":"application/json","accept":"*/*","content-length":"44","user-agent":"node-fetch/1.0 (+https://github.com/bitinn/node-fetch)","accept-encoding":"gzip,deflate","connection":"close","host":"localhost:3001"},"method":"POST","httpVersion":"1.1","originalUrl":"/api/auth/login","query":{}},"res":{"statusCode":500},"responseTime":62}}
2023-03-03T00:36:19.461Z[[31merror[39m]: INVALID_CREDENTIALS{}
2023-03-03T00:36:19.462Z[[31merror[39m]: HTTP POST /api/auth/login{"meta":{"req":{"url":"/api/auth/login","headers":{"content-type":"application/json","accept":"*/*","content-length":"45","user-agent":"node-fetch/1.0 (+https://github.com/bitinn/node-fetch)","accept-encoding":"gzip,deflate","connection":"close","host":"localhost:3001"},"method":"POST","httpVersion":"1.1","originalUrl":"/api/auth/login","query":{}},"res":{"statusCode":500},"responseTime":58}}
2023-03-03T00:36:19.711Z[[31merror[39m]: INVALID_CREDENTIALS{}
2023-03-03T00:36:19.712Z[[31merror[39m]: HTTP POST /api/auth/login{"meta":{"req":{"url":"/api/auth/login","headers":{"content-type":"application/json","accept":"*/*","content-length":"45","user-agent":"node-fetch/1.0 (+https://github.com/bitinn/node-fetch)","accept-encoding":"gzip,deflate","connection":"close","host":"localhost:3001"},"method":"POST","httpVersion":"1.1","originalUrl":"/api/auth/login","query":{}},"res":{"statusCode":500},"responseTime":59}}
2023-03-03T18:29:06.643Z[[31merror[39m]: INVALID_CREDENTIALS{}
2023-03-03T18:29:06.644Z[[31merror[39m]: HTTP POST /api/auth/login{"meta":{"req":{"url":"/api/auth/login","headers":{"content-type":"application/json","accept":"*/*","content-length":"44","user-agent":"node-fetch/1.0 (+https://github.com/bitinn/node-fetch)","accept-encoding":"gzip,deflate","connection":"close","host":"localhost:3001"},"method":"POST","httpVersion":"1.1","originalUrl":"/api/auth/login","query":{}},"res":{"statusCode":500},"responseTime":60}}
2023-03-03T19:26:16.725Z[[31merror[39m]: INVALID_CREDENTIALS{}
2023-03-03T19:26:16.727Z[[31merror[39m]: HTTP POST /api/auth/login{"meta":{"req":{"url":"/api/auth/login","headers":{"content-type":"application/json","accept":"*/*","content-length":"44","user-agent":"node-fetch/1.0 (+https://github.com/bitinn/node-fetch)","accept-encoding":"gzip,deflate","connection":"close","host":"localhost:3001"},"method":"POST","httpVersion":"1.1","originalUrl":"/api/auth/login","query":{}},"res":{"statusCode":500},"responseTime":59}}
2023-03-03T19:30:41.987Z[[31merror[39m]: INVALID_CREDENTIALS{}
2023-03-03T19:30:41.988Z[[31merror[39m]: HTTP POST /api/auth/login{"meta":{"req":{"url":"/api/auth/login","headers":{"content-type":"application/json","accept":"*/*","content-length":"46","user-agent":"node-fetch/1.0 (+https://github.com/bitinn/node-fetch)","accept-encoding":"gzip,deflate","connection":"close","host":"localhost:3001"},"method":"POST","httpVersion":"1.1","originalUrl":"/api/auth/login","query":{}},"res":{"statusCode":500},"responseTime":59}}
2023-03-08T00:37:28.002Z[[31merror[39m]: INVALID_CREDENTIALS{}
2023-03-08T00:37:28.005Z[[31merror[39m]: HTTP POST /api/auth/login{"meta":{"req":{"url":"/api/auth/login","headers":{"content-type":"application/json","accept":"*/*","content-length":"44","user-agent":"node-fetch/1.0 (+https://github.com/bitinn/node-fetch)","accept-encoding":"gzip,deflate","connection":"close","host":"localhost:3001"},"method":"POST","httpVersion":"1.1","originalUrl":"/api/auth/login","query":{}},"res":{"statusCode":500},"responseTime":63}}
2023-03-08T17:49:01.868Z[[31merror[39m]: INVALID_CREDENTIALS{}
2023-03-08T17:49:01.870Z[[31merror[39m]: HTTP POST /api/auth/login{"meta":{"req":{"url":"/api/auth/login","headers":{"content-type":"application/json","accept":"*/*","content-length":"45","user-agent":"node-fetch/1.0 (+https://github.com/bitinn/node-fetch)","accept-encoding":"gzip,deflate","connection":"close","host":"localhost:3001"},"method":"POST","httpVersion":"1.1","originalUrl":"/api/auth/login","query":{}},"res":{"statusCode":500},"responseTime":59}}
2023-03-08T18:56:25.727Z[[31merror[39m]: INVALID_CREDENTIALS{}
2023-03-08T18:56:25.728Z[[31merror[39m]: HTTP POST /api/auth/login{"meta":{"req":{"url":"/api/auth/login","headers":{"content-type":"application/json","accept":"*/*","content-length":"44","user-agent":"node-fetch/1.0 (+https://github.com/bitinn/node-fetch)","accept-encoding":"gzip,deflate","connection":"close","host":"localhost:3001"},"method":"POST","httpVersion":"1.1","originalUrl":"/api/auth/login","query":{}},"res":{"statusCode":500},"responseTime":58}}
2023-03-09T23:05:47.458Z[[31merror[39m]: INVALID_CREDENTIALS{}
2023-03-09T23:05:47.462Z[[31merror[39m]: HTTP POST /api/auth/login{"meta":{"req":{"url":"/api/auth/login","headers":{"content-type":"application/json","accept":"*/*","content-length":"44","user-agent":"node-fetch/1.0 (+https://github.com/bitinn/node-fetch)","accept-encoding":"gzip,deflate","connection":"close","host":"localhost:3001"},"method":"POST","httpVersion":"1.1","originalUrl":"/api/auth/login","query":{}},"res":{"statusCode":500},"responseTime":63}}
2023-03-15T22:24:04.890Z[[31merror[39m]: INVALID_CREDENTIALS{}
2023-03-15T22:24:04.891Z[[31merror[39m]: HTTP POST /api/auth/login{"meta":{"req":{"url":"/api/auth/login","headers":{"content-type":"application/json","accept":"*/*","content-length":"46","user-agent":"node-fetch/1.0 (+https://github.com/bitinn/node-fetch)","accept-encoding":"gzip,deflate","connection":"close","host":"localhost:3001"},"method":"POST","httpVersion":"1.1","originalUrl":"/api/auth/login","query":{}},"res":{"statusCode":500},"responseTime":5}}
2023-03-15T22:24:12.040Z[[31merror[39m]: INVALID_CREDENTIALS{}
2023-03-15T22:24:12.040Z[[31merror[39m]: HTTP POST /api/auth/login{"meta":{"req":{"url":"/api/auth/login","headers":{"content-type":"application/json","accept":"*/*","content-length":"46","user-agent":"node-fetch/1.0 (+https://github.com/bitinn/node-fetch)","accept-encoding":"gzip,deflate","connection":"close","host":"localhost:3001"},"method":"POST","httpVersion":"1.1","originalUrl":"/api/auth/login","query":{}},"res":{"statusCode":500},"responseTime":2}}
2023-03-15T22:24:12.587Z[[31merror[39m]: INVALID_CREDENTIALS{}
2023-03-15T22:24:12.588Z[[31merror[39m]: HTTP POST /api/auth/login{"meta":{"req":{"url":"/api/auth/login","headers":{"content-type":"application/json","accept":"*/*","content-length":"46","user-agent":"node-fetch/1.0 (+https://github.com/bitinn/node-fetch)","accept-encoding":"gzip,deflate","connection":"close","host":"localhost:3001"},"method":"POST","httpVersion":"1.1","originalUrl":"/api/auth/login","query":{}},"res":{"statusCode":500},"responseTime":2}}
2023-03-15T22:24:15.048Z[[31merror[39m]: INVALID_CREDENTIALS{}
2023-03-15T22:24:15.049Z[[31merror[39m]: HTTP POST /api/auth/login{"meta":{"req":{"url":"/api/auth/login","headers":{"content-type":"application/json","accept":"*/*","content-length":"46","user-agent":"node-fetch/1.0 (+https://github.com/bitinn/node-fetch)","accept-encoding":"gzip,deflate","connection":"close","host":"localhost:3001"},"method":"POST","httpVersion":"1.1","originalUrl":"/api/auth/login","query":{}},"res":{"statusCode":500},"responseTime":3}}
2023-03-16T16:53:34.093Z[[31merror[39m]: INVALID_CREDENTIALS{}
2023-03-16T16:53:34.094Z[[31merror[39m]: HTTP POST /api/auth/login{"meta":{"req":{"url":"/api/auth/login","headers":{"content-type":"application/json","accept":"*/*","content-length":"46","user-agent":"node-fetch/1.0 (+https://github.com/bitinn/node-fetch)","accept-encoding":"gzip,deflate","connection":"close","host":"localhost:3001"},"method":"POST","httpVersion":"1.1","originalUrl":"/api/auth/login","query":{}},"res":{"statusCode":500},"responseTime":62}}
2023-03-17T23:05:24.011Z[[31merror[39m]: INVALID_CREDENTIALS{}
2023-03-17T23:05:24.020Z[[31merror[39m]: HTTP POST /api/auth/login{"meta":{"req":{"url":"/api/auth/login","headers":{"content-type":"application/json","accept":"*/*","content-length":"43","user-agent":"node-fetch/1.0 (+https://github.com/bitinn/node-fetch)","accept-encoding":"gzip,deflate","connection":"close","host":"localhost:3001"},"method":"POST","httpVersion":"1.1","originalUrl":"/api/auth/login","query":{}},"res":{"statusCode":500},"responseTime":29}}
2023-03-17T23:05:25.938Z[[31merror[39m]: INVALID_CREDENTIALS{}
2023-03-17T23:05:25.939Z[[31merror[39m]: HTTP POST /api/auth/login{"meta":{"req":{"url":"/api/auth/login","headers":{"content-type":"application/json","accept":"*/*","content-length":"43","user-agent":"node-fetch/1.0 (+https://github.com/bitinn/node-fetch)","accept-encoding":"gzip,deflate","connection":"close","host":"localhost:3001"},"method":"POST","httpVersion":"1.1","originalUrl":"/api/auth/login","query":{}},"res":{"statusCode":500},"responseTime":4}}
2023-03-17T23:05:34.431Z[[31merror[39m]: INVALID_CREDENTIALS{}
2023-03-17T23:05:34.433Z[[31merror[39m]: HTTP POST /api/auth/login{"meta":{"req":{"url":"/api/auth/login","headers":{"content-type":"application/json","accept":"*/*","content-length":"43","user-agent":"node-fetch/1.0 (+https://github.com/bitinn/node-fetch)","accept-encoding":"gzip,deflate","connection":"close","host":"localhost:3001"},"method":"POST","httpVersion":"1.1","originalUrl":"/api/auth/login","query":{}},"res":{"statusCode":500},"responseTime":3}}
2023-03-17T23:05:45.946Z[[31merror[39m]: INVALID_CREDENTIALS{}
2023-03-17T23:05:45.947Z[[31merror[39m]: HTTP POST /api/auth/login{"meta":{"req":{"url":"/api/auth/login","headers":{"content-type":"application/json","accept":"*/*","content-length":"46","user-agent":"node-fetch/1.0 (+https://github.com/bitinn/node-fetch)","accept-encoding":"gzip,deflate","connection":"close","host":"localhost:3001"},"method":"POST","httpVersion":"1.1","originalUrl":"/api/auth/login","query":{}},"res":{"statusCode":500},"responseTime":5}}
2023-03-17T23:05:46.197Z[[31merror[39m]: INVALID_CREDENTIALS{}
2023-03-17T23:05:46.198Z[[31merror[39m]: HTTP POST /api/auth/login{"meta":{"req":{"url":"/api/auth/login","headers":{"content-type":"application/json","accept":"*/*","content-length":"46","user-agent":"node-fetch/1.0 (+https://github.com/bitinn/node-fetch)","accept-encoding":"gzip,deflate","connection":"close","host":"localhost:3001"},"method":"POST","httpVersion":"1.1","originalUrl":"/api/auth/login","query":{}},"res":{"statusCode":500},"responseTime":3}}
2023-03-17T23:05:49.130Z[[31merror[39m]: INVALID_CREDENTIALS{}
2023-03-17T23:05:49.131Z[[31merror[39m]: HTTP POST /api/auth/login{"meta":{"req":{"url":"/api/auth/login","headers":{"content-type":"application/json","accept":"*/*","content-length":"46","user-agent":"node-fetch/1.0 (+https://github.com/bitinn/node-fetch)","accept-encoding":"gzip,deflate","connection":"close","host":"localhost:3001"},"method":"POST","httpVersion":"1.1","originalUrl":"/api/auth/login","query":{}},"res":{"statusCode":500},"responseTime":3}}
2023-03-17T23:05:58.349Z[[31merror[39m]: INVALID_CREDENTIALS{}
2023-03-17T23:05:58.350Z[[31merror[39m]: HTTP POST /api/auth/login{"meta":{"req":{"url":"/api/auth/login","headers":{"content-type":"application/json","accept":"*/*","content-length":"46","user-agent":"node-fetch/1.0 (+https://github.com/bitinn/node-fetch)","accept-encoding":"gzip,deflate","connection":"close","host":"localhost:3001"},"method":"POST","httpVersion":"1.1","originalUrl":"/api/auth/login","query":{}},"res":{"statusCode":500},"responseTime":3}}
2023-03-17T23:41:58.318Z[[31merror[39m]: INVALID_CREDENTIALS{}
2023-03-17T23:41:58.319Z[[31merror[39m]: HTTP POST /api/auth/login{"meta":{"req":{"url":"/api/auth/login","headers":{"content-type":"application/json","accept":"*/*","content-length":"46","user-agent":"node-fetch/1.0 (+https://github.com/bitinn/node-fetch)","accept-encoding":"gzip,deflate","connection":"close","host":"localhost:3001"},"method":"POST","httpVersion":"1.1","originalUrl":"/api/auth/login","query":{}},"res":{"statusCode":500},"responseTime":7}}
2023-03-17T23:42:07.559Z[[31merror[39m]: INVALID_CREDENTIALS{}
2023-03-17T23:42:07.560Z[[31merror[39m]: HTTP POST /api/auth/login{"meta":{"req":{"url":"/api/auth/login","headers":{"content-type":"application/json","accept":"*/*","content-length":"46","user-agent":"node-fetch/1.0 (+https://github.com/bitinn/node-fetch)","accept-encoding":"gzip,deflate","connection":"close","host":"localhost:3001"},"method":"POST","httpVersion":"1.1","originalUrl":"/api/auth/login","query":{}},"res":{"statusCode":500},"responseTime":2}}
2023-03-17T23:42:07.954Z[[31merror[39m]: INVALID_CREDENTIALS{}
2023-03-17T23:42:07.955Z[[31merror[39m]: HTTP POST /api/auth/login{"meta":{"req":{"url":"/api/auth/login","headers":{"content-type":"application/json","accept":"*/*","content-length":"46","user-agent":"node-fetch/1.0 (+https://github.com/bitinn/node-fetch)","accept-encoding":"gzip,deflate","connection":"close","host":"localhost:3001"},"method":"POST","httpVersion":"1.1","originalUrl":"/api/auth/login","query":{}},"res":{"statusCode":500},"responseTime":4}}
2023-03-17T23:42:16.013Z[[31merror[39m]: INVALID_CREDENTIALS{}
2023-03-17T23:42:16.015Z[[31merror[39m]: HTTP POST /api/auth/login{"meta":{"req":{"url":"/api/auth/login","headers":{"content-type":"application/json","accept":"*/*","content-length":"47","user-agent":"node-fetch/1.0 (+https://github.com/bitinn/node-fetch)","accept-encoding":"gzip,deflate","connection":"close","host":"localhost:3001"},"method":"POST","httpVersion":"1.1","originalUrl":"/api/auth/login","query":{}},"res":{"statusCode":500},"responseTime":4}}
2023-03-17T23:42:16.265Z[[31merror[39m]: INVALID_CREDENTIALS{}
2023-03-17T23:42:16.266Z[[31merror[39m]: HTTP POST /api/auth/login{"meta":{"req":{"url":"/api/auth/login","headers":{"content-type":"application/json","accept":"*/*","content-length":"47","user-agent":"node-fetch/1.0 (+https://github.com/bitinn/node-fetch)","accept-encoding":"gzip,deflate","connection":"close","host":"localhost:3001"},"method":"POST","httpVersion":"1.1","originalUrl":"/api/auth/login","query":{}},"res":{"statusCode":500},"responseTime":3}}
2023-04-12T18:37:44.155Z[[31merror[39m]: INVALID_CREDENTIALS{}
2023-04-12T18:37:44.166Z[[31merror[39m]: HTTP POST /api/auth/login{"meta":{"req":{"url":"/api/auth/login","headers":{"content-type":"application/json","accept":"*/*","content-length":"37","user-agent":"node-fetch/1.0 (+https://github.com/bitinn/node-fetch)","accept-encoding":"gzip,deflate","connection":"close","host":"localhost:3001"},"method":"POST","httpVersion":"1.1","originalUrl":"/api/auth/login","query":{}},"res":{"statusCode":500},"responseTime":97}}
2023-04-12T18:39:21.024Z[[31merror[39m]: INVALID_CREDENTIALS{}
2023-04-12T18:39:21.025Z[[31merror[39m]: HTTP POST /api/auth/login{"meta":{"req":{"url":"/api/auth/login","headers":{"content-type":"application/json","accept":"*/*","content-length":"44","user-agent":"node-fetch/1.0 (+https://github.com/bitinn/node-fetch)","accept-encoding":"gzip,deflate","connection":"close","host":"localhost:3001"},"method":"POST","httpVersion":"1.1","originalUrl":"/api/auth/login","query":{}},"res":{"statusCode":500},"responseTime":59}}
